# JRE version: Java(TM) SE Runtime Environment (8.0_161-b12) (build 1.8.0_161-b12)
# Java VM: Java HotSpot(TM) 64-Bit Server VM (25.161-b12 mixed mode windows-amd64 compressed oops)
Heap:
 PSYoungGen      total 153600K, used 147456K [0x00000000eab00000, 0x00000000f4700000, 0x0000000100000000)
  eden space 147456K, 100% used [0x00000000eab00000,0x00000000f3b00000,0x00000000f3b00000)
  from space 6144K, 0% used [0x00000000f3b00000,0x00000000f3b00000,0x00000000f4100000)
  to   space 6144K, 0% used [0x00000000f4100000,0x00000000f4100000,0x00000000f4700000)
 ParOldGen       total 175616K, used 175571K [0x00000000c0000000, 0x00000000cab80000, 0x00000000eab00000)
  object space 175616K, 99% used [0x00000000c0000000,0x00000000cab74c18,0x00000000cab80000)
 Metaspace       used 6851K, capacity 7384K, committed 7680K, reserved 1056768K
  class space    used 649K, capacity 656K, committed 768K, reserved 1048576K
GC Heap History (10 events):
Event: 7.084 GC heap after
Heap after GC invocations=14 (full 5):
 PSYoungGen      total 153600K, used 31669K [0x00000000eab00000, 0x00000000f4700000, 0x0000000100000000)
  eden space 147456K, 21% used [0x00000000eab00000,0x00000000ec9ed720,0x00000000f3b00000)
  from space 6144K, 0% used [0x00000000f3b00000,0x00000000f3b00000,0x00000000f4100000)
  to   space 6144K, 0% used [0x00000000f4100000,0x00000000f4100000,0x00000000f4700000)
 ParOldGen       total 175616K, used 175576K [0x00000000c0000000, 0x00000000cab80000, 0x00000000eab00000)
  object space 175616K, 99% used [0x00000000c0000000,0x00000000cab76340,0x00000000cab80000)
 Metaspace       used 6830K, capacity 7384K, committed 7680K, reserved 1056768K
  class space    used 649K, capacity 656K, committed 768K, reserved 1048576K
}
Event: 7.324 GC heap before
{Heap before GC invocations=15 (full 6):
 PSYoungGen      total 153600K, used 147456K [0x00000000eab00000, 0x00000000f4700000, 0x0000000100000000)
  eden space 147456K, 100% used [0x00000000eab00000,0x00000000f3b00000,0x00000000f3b00000)
  from space 6144K, 0% used [0x00000000f3b00000,0x00000000f3b00000,0x00000000f4100000)
  to   space 6144K, 0% used [0x00000000f4100000,0x00000000f4100000,0x00000000f4700000)
 ParOldGen       total 175616K, used 175576K [0x00000000c0000000, 0x00000000cab80000, 0x00000000eab00000)
  object space 175616K, 99% used [0x00000000c0000000,0x00000000cab76340,0x00000000cab80000)
 Metaspace       used 6831K, capacity 7384K, committed 7680K, reserved 1056768K
  class space    used 649K, capacity 656K, committed 768K, reserved 1048576K
Event: 7.784 GC heap after
Heap after GC invocations=15 (full 6):
 PSYoungGen      total 153600K, used 47862K [0x00000000eab00000, 0x00000000f4700000, 0x0000000100000000)
  eden space 147456K, 32% used [0x00000000eab00000,0x00000000ed9bdba0,0x00000000f3b00000)
  from space 6144K, 0% used [0x00000000f3b00000,0x00000000f3b00000,0x00000000f4100000)
  to   space 6144K, 0% used [0x00000000f4100000,0x00000000f4100000,0x00000000f4700000)
 ParOldGen       total 175616K, used 175575K [0x00000000c0000000, 0x00000000cab80000, 0x00000000eab00000)
  object space 175616K, 99% used [0x00000000c0000000,0x00000000cab75c88,0x00000000cab80000)
 Metaspace       used 6831K, capacity 7384K, committed 7680K, reserved 1056768K
  class space    used 649K, capacity 656K, committed 768K, reserved 1048576K
}
Event: 8.011 GC heap before
{Heap before GC invocations=16 (full 7):
 PSYoungGen      total 153600K, used 147456K [0x00000000eab00000, 0x00000000f4700000, 0x0000000100000000)
  eden space 147456K, 100% used [0x00000000eab00000,0x00000000f3b00000,0x00000000f3b00000)
  from space 6144K, 0% used [0x00000000f3b00000,0x00000000f3b00000,0x00000000f4100000)
  to   space 6144K, 0% used [0x00000000f4100000,0x00000000f4100000,0x00000000f4700000)
 ParOldGen       total 175616K, used 175575K [0x00000000c0000000, 0x00000000cab80000, 0x00000000eab00000)
  object space 175616K, 99% used [0x00000000c0000000,0x00000000cab75c88,0x00000000cab80000)
 Metaspace       used 6836K, capacity 7384K, committed 7680K, reserved 1056768K
  class space    used 649K, capacity 656K, committed 768K, reserved 1048576K
Event: 8.561 GC heap after
Heap after GC invocations=16 (full 7):
 PSYoungGen      total 153600K, used 61091K [0x00000000eab00000, 0x00000000f4700000, 0x0000000100000000)
  eden space 147456K, 41% used [0x00000000eab00000,0x00000000ee6a8ec8,0x00000000f3b00000)
  from space 6144K, 0% used [0x00000000f3b00000,0x00000000f3b00000,0x00000000f4100000)
  to   space 6144K, 0% used [0x00000000f4100000,0x00000000f4100000,0x00000000f4700000)
 ParOldGen       total 175616K, used 175573K [0x00000000c0000000, 0x00000000cab80000, 0x00000000eab00000)
  object space 175616K, 99% used [0x00000000c0000000,0x00000000cab75468,0x00000000cab80000)
 Metaspace       used 6836K, capacity 7384K, committed 7680K, reserved 1056768K
  class space    used 649K, capacity 656K, committed 768K, reserved 1048576K
}
Event: 8.716 GC heap before
{Heap before GC invocations=17 (full 8):
 PSYoungGen      total 153600K, used 147456K [0x00000000eab00000, 0x00000000f4700000, 0x0000000100000000)
  eden space 147456K, 100% used [0x00000000eab00000,0x00000000f3b00000,0x00000000f3b00000)
  from space 6144K, 0% used [0x00000000f3b00000,0x00000000f3b00000,0x00000000f4100000)
  to   space 6144K, 0% used [0x00000000f4100000,0x00000000f4100000,0x00000000f4700000)
 ParOldGen       total 175616K, used 175573K [0x00000000c0000000, 0x00000000cab80000, 0x00000000eab00000)
  object space 175616K, 99% used [0x00000000c0000000,0x00000000cab75468,0x00000000cab80000)
 Metaspace       used 6836K, capacity 7384K, committed 7680K, reserved 1056768K
  class space    used 649K, capacity 656K, committed 768K, reserved 1048576K
Event: 9.231 GC heap after
Heap after GC invocations=17 (full 8):
 PSYoungGen      total 153600K, used 73274K [0x00000000eab00000, 0x00000000f4700000, 0x0000000100000000)
  eden space 147456K, 49% used [0x00000000eab00000,0x00000000ef28ebc8,0x00000000f3b00000)
  from space 6144K, 0% used [0x00000000f3b00000,0x00000000f3b00000,0x00000000f4100000)
  to   space 6144K, 0% used [0x00000000f4100000,0x00000000f4100000,0x00000000f4700000)
 ParOldGen       total 175616K, used 175571K [0x00000000c0000000, 0x00000000cab80000, 0x00000000eab00000)
  object space 175616K, 99% used [0x00000000c0000000,0x00000000cab74ee8,0x00000000cab80000)
 Metaspace       used 6836K, capacity 7384K, committed 7680K, reserved 1056768K
  class space    used 649K, capacity 656K, committed 768K, reserved 1048576K
}
Event: 9.376 GC heap before
{Heap before GC invocations=18 (full 9):
 PSYoungGen      total 153600K, used 147456K [0x00000000eab00000, 0x00000000f4700000, 0x0000000100000000)
  eden space 147456K, 100% used [0x00000000eab00000,0x00000000f3b00000,0x00000000f3b00000)
  from space 6144K, 0% used [0x00000000f3b00000,0x00000000f3b00000,0x00000000f4100000)
  to   space 6144K, 0% used [0x00000000f4100000,0x00000000f4100000,0x00000000f4700000)
 ParOldGen       total 175616K, used 175571K [0x00000000c0000000, 0x00000000cab80000, 0x00000000eab00000)
  object space 175616K, 99% used [0x00000000c0000000,0x00000000cab74ee8,0x00000000cab80000)
 Metaspace       used 6847K, capacity 7384K, committed 7680K, reserved 1056768K
  class space    used 649K, capacity 656K, committed 768K, reserved 1048576K
Event: 9.940 GC heap after
Heap after GC invocations=18 (full 9):
 PSYoungGen      total 153600K, used 84381K [0x00000000eab00000, 0x00000000f4700000, 0x0000000100000000)
  eden space 147456K, 57% used [0x00000000eab00000,0x00000000efd67758,0x00000000f3b00000)
  from space 6144K, 0% used [0x00000000f3b00000,0x00000000f3b00000,0x00000000f4100000)
  to   space 6144K, 0% used [0x00000000f4100000,0x00000000f4100000,0x00000000f4700000)
 ParOldGen       total 175616K, used 175571K [0x00000000c0000000, 0x00000000cab80000, 0x00000000eab00000)
  object space 175616K, 99% used [0x00000000c0000000,0x00000000cab74c18,0x00000000cab80000)
 Metaspace       used 6847K, capacity 7384K, committed 7680K, reserved 1056768K
  class space    used 649K, capacity 656K, committed 768K, reserved 1048576K
}
Event: 10.067 GC heap before
{Heap before GC invocations=19 (full 10):
 PSYoungGen      total 153600K, used 147456K [0x00000000eab00000, 0x00000000f4700000, 0x0000000100000000)
  eden space 147456K, 100% used [0x00000000eab00000,0x00000000f3b00000,0x00000000f3b00000)
  from space 6144K, 0% used [0x00000000f3b00000,0x00000000f3b00000,0x00000000f4100000)
  to   space 6144K, 0% used [0x00000000f4100000,0x00000000f4100000,0x00000000f4700000)
 ParOldGen       total 175616K, used 175571K [0x00000000c0000000, 0x00000000cab80000, 0x00000000eab00000)
  object space 175616K, 99% used [0x00000000c0000000,0x00000000cab74c18,0x00000000cab80000)
 Metaspace       used 6851K, capacity 7384K, committed 7680K, reserved 1056768K
  class space    used 649K, capacity 656K, committed 768K, reserved 1048576K

